<?xml version="1.0" encoding="UTF-8"?>
<!-- Generated by org.testng.reporters.JUnitReportReporter -->
<testsuite skipped="0" hostname="DESKTOP-J79O4OK" name="ZeynepDinc.APITesti.Soru3Test" tests="1" failures="0" timestamp="2020-07-10T03:56:45 EET" time="72.982" errors="0">
  <testcase name="f" time="72.982" classname="ZeynepDinc.APITesti.Soru3Test"/>
</testsuite> <!-- ZeynepDinc.APITesti.Soru3Test -->
